!SESSION 2019-07-18 18:10:08.568 -----------------------------------------------
eclipse.buildId=unknown
java.version=1.8.0_201
java.vendor=Oracle Corporation
BootLoader constants: OS=win32, ARCH=x86_64, WS=win32, NL=it_IT

!ENTRY org.eclipse.osgi 4 0 2019-07-18 18:10:09.290
!MESSAGE Startup error
!STACK 1
java.lang.NumberFormatException: For input string: ""
	at java.lang.NumberFormatException.forInputString(Unknown Source)
	at java.lang.Integer.parseInt(Unknown Source)
	at java.lang.Integer.parseInt(Unknown Source)
	at org.eclipse.osgi.storagemanager.StorageManager.updateTable(StorageManager.java:512)
	at org.eclipse.osgi.storagemanager.StorageManager.open(StorageManager.java:709)
	at org.eclipse.osgi.internal.baseadaptor.BaseStorage.initFileManager(BaseStorage.java:220)
	at org.eclipse.osgi.internal.baseadaptor.BaseStorage.initialize(BaseStorage.java:154)
	at org.eclipse.osgi.baseadaptor.BaseAdaptor.initializeStorage(BaseAdaptor.java:123)
	at org.eclipse.osgi.framework.internal.core.Framework.initialize(Framework.java:190)
	at org.eclipse.osgi.framework.internal.core.Framework.<init>(Framework.java:162)
	at org.eclipse.core.runtime.adaptor.EclipseStarter.startup(EclipseStarter.java:261)
	at org.eclipse.core.runtime.adaptor.EclipseStarter.run(EclipseStarter.java:175)
	at org.eclipse.core.runtime.adaptor.EclipseStarter.main(EclipseStarter.java:150)
